<?xml version="1.0" encoding="UTF-8"?>
<!-- Generated by org.testng.reporters.JUnitReportReporter -->
<testsuite hostname="DESKTOP-JED5T71" name="uk.co.F1x2Games.selenium.main.CentralAdminTest" tests="2" failures="0" timestamp="27 Sep 2017 15:31:20 GMT" time="0.002" errors="0">
  <testcase name="testAdminSkills" time="0.001" classname="uk.co.F1x2Games.selenium.main.CentralAdminTest"/>
  <testcase name="testUserSkills" time="0.001" classname="uk.co.F1x2Games.selenium.main.CentralAdminTest"/>
</testsuite> <!-- uk.co.F1x2Games.selenium.main.CentralAdminTest -->
